<?xml version="1.0" encoding="UTF-8"?>
<testsuite name="com.example.songr.SongrApplicationTests" tests="1" skipped="0" failures="0" errors="0" timestamp="2021-08-08T21:09:20" hostname="abdullah-HP-250-G7-Notebook-PC" time="0.502">
  <properties/>
  <testcase name="testAlbumClass()" classname="com.example.songr.SongrApplicationTests" time="0.502"/>
  <system-out><![CDATA[00:09:16.847 [Test worker] DEBUG org.springframework.test.context.BootstrapUtils - Instantiating CacheAwareContextLoaderDelegate from class [org.springframework.test.context.cache.DefaultCacheAwareContextLoaderDelegate]
00:09:16.867 [Test worker] DEBUG org.springframework.test.context.BootstrapUtils - Instantiating BootstrapContext using constructor [public org.springframework.test.context.support.DefaultBootstrapContext(java.lang.Class,org.springframework.test.context.CacheAwareContextLoaderDelegate)]
00:09:16.916 [Test worker] DEBUG org.springframework.test.context.BootstrapUtils - Instantiating TestContextBootstrapper for test class [com.example.songr.SongrApplicationTests] from class [org.springframework.boot.test.context.SpringBootTestContextBootstrapper]
00:09:16.935 [Test worker] INFO org.springframework.boot.test.context.SpringBootTestContextBootstrapper - Neither @ContextConfiguration nor @ContextHierarchy found for test class [com.example.songr.SongrApplicationTests], using SpringBootContextLoader
00:09:16.940 [Test worker] DEBUG org.springframework.test.context.support.AbstractContextLoader - Did not detect default resource location for test class [com.example.songr.SongrApplicationTests]: class path resource [com/example/songr/SongrApplicationTests-context.xml] does not exist
00:09:16.940 [Test worker] DEBUG org.springframework.test.context.support.AbstractContextLoader - Did not detect default resource location for test class [com.example.songr.SongrApplicationTests]: class path resource [com/example/songr/SongrApplicationTestsContext.groovy] does not exist
00:09:16.941 [Test worker] INFO org.springframework.test.context.support.AbstractContextLoader - Could not detect default resource locations for test class [com.example.songr.SongrApplicationTests]: no resource found for suffixes {-context.xml, Context.groovy}.
00:09:16.942 [Test worker] INFO org.springframework.test.context.support.AnnotationConfigContextLoaderUtils - Could not detect default configuration classes for test class [com.example.songr.SongrApplicationTests]: SongrApplicationTests does not declare any static, non-private, non-final, nested classes annotated with @Configuration.
00:09:16.999 [Test worker] DEBUG org.springframework.test.context.support.ActiveProfilesUtils - Could not find an 'annotation declaring class' for annotation type [org.springframework.test.context.ActiveProfiles] and class [com.example.songr.SongrApplicationTests]
00:09:17.093 [Test worker] DEBUG org.springframework.context.annotation.ClassPathScanningCandidateComponentProvider - Identified candidate component class: file [/home/abdullah/401/songr/build/classes/java/main/com/example/songr/SongrApplication.class]
00:09:17.094 [Test worker] INFO org.springframework.boot.test.context.SpringBootTestContextBootstrapper - Found @SpringBootConfiguration com.example.songr.SongrApplication for test class com.example.songr.SongrApplicationTests
00:09:17.240 [Test worker] DEBUG org.springframework.boot.test.context.SpringBootTestContextBootstrapper - @TestExecutionListeners is not present for class [com.example.songr.SongrApplicationTests]: using defaults.
00:09:17.240 [Test worker] INFO org.springframework.boot.test.context.SpringBootTestContextBootstrapper - Loaded default TestExecutionListener class names from location [META-INF/spring.factories]: [org.springframework.boot.test.autoconfigure.restdocs.RestDocsTestExecutionListener, org.springframework.boot.test.autoconfigure.web.client.MockRestServiceServerResetTestExecutionListener, org.springframework.boot.test.autoconfigure.web.servlet.MockMvcPrintOnlyOnFailureTestExecutionListener, org.springframework.boot.test.autoconfigure.web.servlet.WebDriverTestExecutionListener, org.springframework.boot.test.autoconfigure.webservices.client.MockWebServiceServerTestExecutionListener, org.springframework.boot.test.mock.mockito.MockitoTestExecutionListener, org.springframework.boot.test.mock.mockito.ResetMocksTestExecutionListener, org.springframework.test.context.web.ServletTestExecutionListener, org.springframework.test.context.support.DirtiesContextBeforeModesTestExecutionListener, org.springframework.test.context.event.ApplicationEventsTestExecutionListener, org.springframework.test.context.support.DependencyInjectionTestExecutionListener, org.springframework.test.context.support.DirtiesContextTestExecutionListener, org.springframework.test.context.transaction.TransactionalTestExecutionListener, org.springframework.test.context.jdbc.SqlScriptsTestExecutionListener, org.springframework.test.context.event.EventPublishingTestExecutionListener]
00:09:17.261 [Test worker] DEBUG org.springframework.boot.test.context.SpringBootTestContextBootstrapper - Skipping candidate TestExecutionListener [org.springframework.test.context.transaction.TransactionalTestExecutionListener] due to a missing dependency. Specify custom listener classes or make the default listener classes and their required dependencies available. Offending class: [org/springframework/transaction/TransactionDefinition]
00:09:17.262 [Test worker] DEBUG org.springframework.boot.test.context.SpringBootTestContextBootstrapper - Skipping candidate TestExecutionListener [org.springframework.test.context.jdbc.SqlScriptsTestExecutionListener] due to a missing dependency. Specify custom listener classes or make the default listener classes and their required dependencies available. Offending class: [org/springframework/transaction/interceptor/TransactionAttribute]
00:09:17.262 [Test worker] INFO org.springframework.boot.test.context.SpringBootTestContextBootstrapper - Using TestExecutionListeners: [org.springframework.test.context.web.ServletTestExecutionListener@f2e4895, org.springframework.test.context.support.DirtiesContextBeforeModesTestExecutionListener@28030325, org.springframework.test.context.event.ApplicationEventsTestExecutionListener@b8012a9, org.springframework.boot.test.mock.mockito.MockitoTestExecutionListener@2abe717f, org.springframework.boot.test.autoconfigure.SpringBootDependencyInjectionTestExecutionListener@5729ee5d, org.springframework.test.context.support.DirtiesContextTestExecutionListener@6703d5b6, org.springframework.test.context.event.EventPublishingTestExecutionListener@6c1d96a5, org.springframework.boot.test.autoconfigure.restdocs.RestDocsTestExecutionListener@357127d0, org.springframework.boot.test.autoconfigure.web.client.MockRestServiceServerResetTestExecutionListener@2d327c25, org.springframework.boot.test.autoconfigure.web.servlet.MockMvcPrintOnlyOnFailureTestExecutionListener@54e5b250, org.springframework.boot.test.autoconfigure.web.servlet.WebDriverTestExecutionListener@54cdaed7, org.springframework.boot.test.autoconfigure.webservices.client.MockWebServiceServerTestExecutionListener@683e5c39, org.springframework.boot.test.mock.mockito.ResetMocksTestExecutionListener@5653d64f]
00:09:17.268 [Test worker] DEBUG org.springframework.test.context.support.AbstractDirtiesContextTestExecutionListener - Before test class: context [DefaultTestContext@4c4fa7ea testClass = SongrApplicationTests, testInstance = [null], testMethod = [null], testException = [null], mergedContextConfiguration = [WebMergedContextConfiguration@38239e33 testClass = SongrApplicationTests, locations = '{}', classes = '{class com.example.songr.SongrApplication}', contextInitializerClasses = '[]', activeProfiles = '{}', propertySourceLocations = '{}', propertySourceProperties = '{org.springframework.boot.test.context.SpringBootTestContextBootstrapper=true}', contextCustomizers = set[org.springframework.boot.test.autoconfigure.actuate.metrics.MetricsExportContextCustomizerFactory$DisableMetricExportContextCustomizer@353fefd0, org.springframework.boot.test.autoconfigure.properties.PropertyMappingContextCustomizer@0, org.springframework.boot.test.autoconfigure.web.servlet.WebDriverContextCustomizerFactory$Customizer@202744e9, org.springframework.boot.test.context.filter.ExcludeFilterContextCustomizer@7c152e0, org.springframework.boot.test.json.DuplicateJsonObjectContextCustomizerFactory$DuplicateJsonObjectContextCustomizer@28cdc6b9, org.springframework.boot.test.mock.mockito.MockitoContextCustomizer@0, org.springframework.boot.test.web.client.TestRestTemplateContextCustomizer@3013f, org.springframework.boot.test.context.SpringBootTestArgs@1, org.springframework.boot.test.context.SpringBootTestWebEnvironment@1ecc64e8], resourceBasePath = 'src/main/webapp', contextLoader = 'org.springframework.boot.test.context.SpringBootContextLoader', parent = [null]], attributes = map['org.springframework.test.context.web.ServletTestExecutionListener.activateListener' -> true]], class annotated with @DirtiesContext [false] with mode [null].
00:09:17.320 [Test worker] DEBUG org.springframework.test.context.support.TestPropertySourceUtils - Adding inlined properties to environment: {spring.jmx.enabled=false, org.springframework.boot.test.context.SpringBootTestContextBootstrapper=true}

  .   ____          _            __ _ _
 /\\ / ___'_ __ _ _(_)_ __  __ _ \ \ \ \
( ( )\___ | '_ | '_| | '_ \/ _` | \ \ \ \
 \\/  ___)| |_)| | | | | || (_| |  ) ) ) )
  '  |____| .__|_| |_|_| |_\__, | / / / /
 =========|_|==============|___/=/_/_/_/
 :: Spring Boot ::                (v2.5.3)

2021-08-09 00:09:17.729  INFO 104737 --- [    Test worker] com.example.songr.SongrApplicationTests  : Starting SongrApplicationTests using Java 1.8.0_301 on abdullah-HP-250-G7-Notebook-PC with PID 104737 (started by abdullah in /home/abdullah/401/songr)
2021-08-09 00:09:17.734  INFO 104737 --- [    Test worker] com.example.songr.SongrApplicationTests  : No active profile set, falling back to default profiles: default
2021-08-09 00:09:20.182  INFO 104737 --- [    Test worker] com.example.songr.SongrApplicationTests  : Started SongrApplicationTests in 2.849 seconds (JVM running for 4.786)
]]></system-out>
  <system-err><![CDATA[]]></system-err>
</testsuite>
